<?xml version="1.0" encoding="UTF-8"?>
<!-- Generated by org.testng.reporters.JUnitReportReporter -->
<testsuite ignored="9" hostname="Srujans-MacBook-Pro.local" failures="0" tests="2" name="com.uiAutomatiom.testScript.FBSignUpPageObjectsVerification" time="5.643" errors="1" timestamp="26 Jul 2019 13:06:02 GMT" skipped="0">
  <testcase classname="com.uiAutomatiom.testScript.FBSignUpPageObjectsVerification" name="afterClass" time="0.034">
    <error message="Tried to run command without establishing a connection
Build info: version: &#039;3.11.0&#039;, revision: &#039;e59cfb3&#039;, time: &#039;2018-03-11T20:26:55.152Z&#039;
System info: host: &#039;Srujans-MacBook-Pro.local&#039;, ip: &#039;2a02:c7f:de3a:4600:994a:1b42:edd2:c80d%en0&#039;, os.name: &#039;Mac OS X&#039;, os.arch: &#039;x86_64&#039;, os.version: &#039;10.14.5&#039;, java.version: &#039;11&#039;
Driver info: org.openqa.selenium.firefox.FirefoxDriver
Capabilities {acceptInsecureCerts: true, browserName: firefox, browserVersion: 57.0.4, javascriptEnabled: true, moz:accessibilityChecks: false, moz:geckodriverVersion: 0.24.0, moz:headless: false, moz:processID: 13141, moz:profile: /var/folders/cz/h1q87pfn3t1..., moz:webdriverClick: false, pageLoadStrategy: normal, platform: MAC, platformName: MAC, platformVersion: 18.6.0, rotatable: false, timeouts: {implicit: 0, pageLoad: 300000, script: 30000}}
Session ID: c2c25eb3-8680-8042-98d5-489ae89d1a7e" type="org.openqa.selenium.NoSuchSessionException">
      <![CDATA[org.openqa.selenium.NoSuchSessionException: Tried to run command without establishing a connection
Build info: version: '3.11.0', revision: 'e59cfb3', time: '2018-03-11T20:26:55.152Z'
System info: host: 'Srujans-MacBook-Pro.local', ip: '2a02:c7f:de3a:4600:994a:1b42:edd2:c80d%en0', os.name: 'Mac OS X', os.arch: 'x86_64', os.version: '10.14.5', java.version: '11'
Driver info: org.openqa.selenium.firefox.FirefoxDriver
Capabilities {acceptInsecureCerts: true, browserName: firefox, browserVersion: 57.0.4, javascriptEnabled: true, moz:accessibilityChecks: false, moz:geckodriverVersion: 0.24.0, moz:headless: false, moz:processID: 13141, moz:profile: /var/folders/cz/h1q87pfn3t1..., moz:webdriverClick: false, pageLoadStrategy: normal, platform: MAC, platformName: MAC, platformVersion: 18.6.0, rotatable: false, timeouts: {implicit: 0, pageLoad: 300000, script: 30000}}
Session ID: c2c25eb3-8680-8042-98d5-489ae89d1a7e
	at java.base/jdk.internal.reflect.NativeConstructorAccessorImpl.newInstance0(Native Method)
	at java.base/jdk.internal.reflect.NativeConstructorAccessorImpl.newInstance(NativeConstructorAccessorImpl.java:62)
	at java.base/jdk.internal.reflect.DelegatingConstructorAccessorImpl.newInstance(DelegatingConstructorAccessorImpl.java:45)
	at java.base/java.lang.reflect.Constructor.newInstance(Constructor.java:490)
	at org.openqa.selenium.remote.http.W3CHttpResponseCodec.createException(W3CHttpResponseCodec.java:187)
	at org.openqa.selenium.remote.http.W3CHttpResponseCodec.decode(W3CHttpResponseCodec.java:122)
	at org.openqa.selenium.remote.http.W3CHttpResponseCodec.decode(W3CHttpResponseCodec.java:49)
	at org.openqa.selenium.remote.HttpCommandExecutor.execute(HttpCommandExecutor.java:158)
	at org.openqa.selenium.remote.service.DriverCommandExecutor.execute(DriverCommandExecutor.java:83)
	at org.openqa.selenium.remote.RemoteWebDriver.execute(RemoteWebDriver.java:545)
	at org.openqa.selenium.remote.RemoteWebDriver.execute(RemoteWebDriver.java:602)
	at org.openqa.selenium.remote.RemoteWebDriver.quit(RemoteWebDriver.java:445)
	at com.uiAutomatiom.TestBase.TestBase.afterClass(TestBase.java:107)
	at java.base/jdk.internal.reflect.NativeMethodAccessorImpl.invoke0(Native Method)
	at java.base/jdk.internal.reflect.NativeMethodAccessorImpl.invoke(NativeMethodAccessorImpl.java:62)
	at java.base/jdk.internal.reflect.DelegatingMethodAccessorImpl.invoke(DelegatingMethodAccessorImpl.java:43)
	at java.base/java.lang.reflect.Method.invoke(Method.java:566)
	at org.testng.internal.MethodInvocationHelper.invokeMethod(MethodInvocationHelper.java:104)
	at org.testng.internal.Invoker.invokeConfigurationMethod(Invoker.java:515)
	at org.testng.internal.Invoker.invokeConfigurations(Invoker.java:217)
	at org.testng.internal.Invoker.invokeConfigurations(Invoker.java:144)
	at org.testng.internal.TestMethodWorker.invokeAfterClassMethods(TestMethodWorker.java:217)
	at org.testng.internal.TestMethodWorker.run(TestMethodWorker.java:115)
	at org.testng.TestRunner.privateRun(TestRunner.java:756)
	at org.testng.TestRunner.run(TestRunner.java:610)
	at org.testng.SuiteRunner.runTest(SuiteRunner.java:387)
	at org.testng.SuiteRunner.runSequentially(SuiteRunner.java:382)
	at org.testng.SuiteRunner.privateRun(SuiteRunner.java:340)
	at org.testng.SuiteRunner.run(SuiteRunner.java:289)
	at org.testng.SuiteRunnerWorker.runSuite(SuiteRunnerWorker.java:52)
	at org.testng.SuiteRunnerWorker.run(SuiteRunnerWorker.java:86)
	at org.testng.TestNG.runSuitesSequentially(TestNG.java:1293)
	at org.testng.TestNG.runSuitesLocally(TestNG.java:1218)
	at org.testng.TestNG.runSuites(TestNG.java:1133)
	at org.testng.TestNG.run(TestNG.java:1104)
	at org.testng.remote.AbstractRemoteTestNG.run(AbstractRemoteTestNG.java:115)
	at org.testng.remote.RemoteTestNG.initAndRun(RemoteTestNG.java:251)
	at org.testng.remote.RemoteTestNG.main(RemoteTestNG.java:77)
]]>
    </error>
  </testcase> <!-- afterClass -->
  <testcase classname="com.uiAutomatiom.testScript.FBSignUpPageObjectsVerification" name="LoginTest" time="5.609"/>
  <testcase classname="com.uiAutomatiom.TestBase.TestBase" name="beforeTest">
    <skipped/>
  </testcase> <!-- beforeTest -->
  <testcase classname="com.uiAutomatiom.TestBase.TestBase" name="beforeTest">
    <skipped/>
  </testcase> <!-- beforeTest -->
  <testcase classname="com.uiAutomatiom.TestBase.TestBase" name="beforeTest">
    <skipped/>
  </testcase> <!-- beforeTest -->
  <testcase classname="com.uiAutomatiom.TestBase.TestBase" name="afterTest">
    <skipped/>
  </testcase> <!-- afterTest -->
  <testcase classname="com.uiAutomatiom.TestBase.TestBase" name="afterTest">
    <skipped/>
  </testcase> <!-- afterTest -->
  <testcase classname="com.uiAutomatiom.TestBase.TestBase" name="afterTest">
    <skipped/>
  </testcase> <!-- afterTest -->
  <testcase classname="com.uiAutomatiom.TestBase.TestBase" name="beforeSuite">
    <skipped/>
  </testcase> <!-- beforeSuite -->
  <testcase classname="com.uiAutomatiom.TestBase.TestBase" name="beforeSuite">
    <skipped/>
  </testcase> <!-- beforeSuite -->
  <testcase classname="com.uiAutomatiom.TestBase.TestBase" name="beforeSuite">
    <skipped/>
  </testcase> <!-- beforeSuite -->
</testsuite> <!-- com.uiAutomatiom.testScript.FBSignUpPageObjectsVerification -->
