<?xml version="1.0" encoding="UTF-8"?>
<!-- Generated by org.testng.reporters.JUnitReportReporter -->
<testsuite ignored="9" hostname="Srujans-MacBook-Pro.local" failures="0" tests="1" name="com.uiAutomatiom.testScript.FBInstagramPageObjectsVerfication" time="4.895" errors="1" timestamp="26 Jul 2019 13:06:02 GMT" skipped="0">
  <testcase classname="com.uiAutomatiom.testScript.FBInstagramPageObjectsVerfication" name="FacebookHomePageObjectsVerfication" time="4.895">
    <error message="Index 1 out of bounds for length 1" type="java.lang.IndexOutOfBoundsException">
      <![CDATA[java.lang.IndexOutOfBoundsException: Index 1 out of bounds for length 1
	at java.base/jdk.internal.util.Preconditions.outOfBounds(Preconditions.java:64)
	at java.base/jdk.internal.util.Preconditions.outOfBoundsCheckIndex(Preconditions.java:70)
	at java.base/jdk.internal.util.Preconditions.checkIndex(Preconditions.java:248)
	at java.base/java.util.Objects.checkIndex(Objects.java:372)
	at java.base/java.util.ArrayList.get(ArrayList.java:458)
	at com.uiAutomatiom.testScript.FBInstagramPageObjectsVerfication.FacebookHomePageObjectsVerfication(FBInstagramPageObjectsVerfication.java:57)
	at java.base/jdk.internal.reflect.NativeMethodAccessorImpl.invoke0(Native Method)
	at java.base/jdk.internal.reflect.NativeMethodAccessorImpl.invoke(NativeMethodAccessorImpl.java:62)
	at java.base/jdk.internal.reflect.DelegatingMethodAccessorImpl.invoke(DelegatingMethodAccessorImpl.java:43)
	at java.base/java.lang.reflect.Method.invoke(Method.java:566)
	at org.testng.internal.MethodInvocationHelper.invokeMethod(MethodInvocationHelper.java:104)
	at org.testng.internal.Invoker.invokeMethod(Invoker.java:645)
	at org.testng.internal.Invoker.invokeTestMethod(Invoker.java:851)
	at org.testng.internal.Invoker.invokeTestMethods(Invoker.java:1177)
	at org.testng.internal.TestMethodWorker.invokeTestMethods(TestMethodWorker.java:129)
	at org.testng.internal.TestMethodWorker.run(TestMethodWorker.java:112)
	at org.testng.TestRunner.privateRun(TestRunner.java:756)
	at org.testng.TestRunner.run(TestRunner.java:610)
	at org.testng.SuiteRunner.runTest(SuiteRunner.java:387)
	at org.testng.SuiteRunner.runSequentially(SuiteRunner.java:382)
	at org.testng.SuiteRunner.privateRun(SuiteRunner.java:340)
	at org.testng.SuiteRunner.run(SuiteRunner.java:289)
	at org.testng.SuiteRunnerWorker.runSuite(SuiteRunnerWorker.java:52)
	at org.testng.SuiteRunnerWorker.run(SuiteRunnerWorker.java:86)
	at org.testng.TestNG.runSuitesSequentially(TestNG.java:1293)
	at org.testng.TestNG.runSuitesLocally(TestNG.java:1218)
	at org.testng.TestNG.runSuites(TestNG.java:1133)
	at org.testng.TestNG.run(TestNG.java:1104)
	at org.testng.remote.AbstractRemoteTestNG.run(AbstractRemoteTestNG.java:115)
	at org.testng.remote.RemoteTestNG.initAndRun(RemoteTestNG.java:251)
	at org.testng.remote.RemoteTestNG.main(RemoteTestNG.java:77)
]]>
    </error>
  </testcase> <!-- FacebookHomePageObjectsVerfication -->
  <testcase classname="com.uiAutomatiom.TestBase.TestBase" name="beforeTest">
    <skipped/>
  </testcase> <!-- beforeTest -->
  <testcase classname="com.uiAutomatiom.TestBase.TestBase" name="beforeTest">
    <skipped/>
  </testcase> <!-- beforeTest -->
  <testcase classname="com.uiAutomatiom.TestBase.TestBase" name="beforeTest">
    <skipped/>
  </testcase> <!-- beforeTest -->
  <testcase classname="com.uiAutomatiom.TestBase.TestBase" name="afterTest">
    <skipped/>
  </testcase> <!-- afterTest -->
  <testcase classname="com.uiAutomatiom.TestBase.TestBase" name="afterTest">
    <skipped/>
  </testcase> <!-- afterTest -->
  <testcase classname="com.uiAutomatiom.TestBase.TestBase" name="afterTest">
    <skipped/>
  </testcase> <!-- afterTest -->
  <testcase classname="com.uiAutomatiom.TestBase.TestBase" name="beforeSuite">
    <skipped/>
  </testcase> <!-- beforeSuite -->
  <testcase classname="com.uiAutomatiom.TestBase.TestBase" name="beforeSuite">
    <skipped/>
  </testcase> <!-- beforeSuite -->
  <testcase classname="com.uiAutomatiom.TestBase.TestBase" name="beforeSuite">
    <skipped/>
  </testcase> <!-- beforeSuite -->
</testsuite> <!-- com.uiAutomatiom.testScript.FBInstagramPageObjectsVerfication -->
