<?xml version="1.0" encoding="UTF-8"?>
<testng-results ignored="9" total="13" passed="1" failed="1" skipped="2">
  <reporter-output>
    <line>
      <![CDATA[<a href =' /Users/srujan/eclipse-workspace/uiAutomatiom/src/main/resources/screenShots/ FacebookHomePageObjectsVerfication_26_07_2019_02_05_38.png '>< img src= ' /Users/srujan/eclipse-workspace/uiAutomatiom/src/main/resources/screenShots/ FacebookHomePageObjectsVerfication_26_07_2019_02_05_38.png 'height='100' width='100' /></a>]]>
    </line>
  </reporter-output>
  <suite started-at="2019-07-26T13:05:30Z" name="Default suite" finished-at="2019-07-26T13:05:57Z" duration-ms="26811">
    <groups>
    </groups>
    <test started-at="2019-07-26T13:05:30Z" name="Default test" finished-at="2019-07-26T13:05:57Z" duration-ms="26811">
      <class name="com.uiAutomatiom.testScript.FBInstagramPageObjectsVerfication">
        <test-method is-config="true" signature="beforeSuite()[pri:0, instance:com.uiAutomatiom.testScript.FBInstagramPageObjectsVerfication@3232a28a]" started-at="2019-07-26T14:05:25Z" name="beforeSuite" finished-at="2019-07-26T14:05:30Z" duration-ms="5130" status="PASS">
          <reporter-output>
          </reporter-output>
        </test-method> <!-- beforeSuite -->
        <test-method is-config="true" signature="beforeTest()[pri:0, instance:com.uiAutomatiom.testScript.FBInstagramPageObjectsVerfication@3232a28a]" started-at="2019-07-26T14:05:30Z" name="beforeTest" finished-at="2019-07-26T14:05:30Z" duration-ms="0" status="PASS">
          <reporter-output>
          </reporter-output>
        </test-method> <!-- beforeTest -->
        <test-method is-config="true" signature="beforeClass()[pri:0, instance:com.uiAutomatiom.testScript.FBInstagramPageObjectsVerfication@3232a28a]" started-at="2019-07-26T14:05:30Z" name="beforeClass" finished-at="2019-07-26T14:05:35Z" duration-ms="4816" status="PASS">
          <reporter-output>
          </reporter-output>
        </test-method> <!-- beforeClass -->
        <test-method is-config="true" signature="beforeMethod(java.lang.reflect.Method)[pri:0, instance:com.uiAutomatiom.testScript.FBInstagramPageObjectsVerfication@3232a28a]" started-at="2019-07-26T14:05:35Z" name="beforeMethod" finished-at="2019-07-26T14:05:35Z" duration-ms="6" status="PASS">
          <params>
            <param index="0">
              <value>
                <![CDATA[public void com.uiAutomatiom.testScript.FBInstagramPageObjectsVerfication.FacebookHomePageObjectsVerfication() throws java.lang.Exception]]>
              </value>
            </param>
          </params>
          <reporter-output>
          </reporter-output>
        </test-method> <!-- beforeMethod -->
        <test-method is-config="true" signature="beforeMethod()[pri:0, instance:com.uiAutomatiom.testScript.FBInstagramPageObjectsVerfication@3232a28a]" started-at="2019-07-26T14:05:35Z" name="beforeMethod" finished-at="2019-07-26T14:05:35Z" duration-ms="0" status="PASS">
          <reporter-output>
          </reporter-output>
        </test-method> <!-- beforeMethod -->
        <test-method signature="FacebookHomePageObjectsVerfication()[pri:0, instance:com.uiAutomatiom.testScript.FBInstagramPageObjectsVerfication@3232a28a]" started-at="2019-07-26T14:05:35Z" name="FacebookHomePageObjectsVerfication" description="FBInstagramPageObjectsVerfication" finished-at="2019-07-26T14:05:38Z" duration-ms="3516" status="FAIL">
          <exception class="java.lang.IndexOutOfBoundsException">
            <message>
              <![CDATA[Index 1 out of bounds for length 1]]>
            </message>
            <full-stacktrace>
              <![CDATA[java.lang.IndexOutOfBoundsException: Index 1 out of bounds for length 1
	at java.base/jdk.internal.util.Preconditions.outOfBounds(Preconditions.java:64)
	at java.base/jdk.internal.util.Preconditions.outOfBoundsCheckIndex(Preconditions.java:70)
	at java.base/jdk.internal.util.Preconditions.checkIndex(Preconditions.java:248)
	at java.base/java.util.Objects.checkIndex(Objects.java:372)
	at java.base/java.util.ArrayList.get(ArrayList.java:458)
	at com.uiAutomatiom.testScript.FBInstagramPageObjectsVerfication.FacebookHomePageObjectsVerfication(FBInstagramPageObjectsVerfication.java:57)
	at java.base/jdk.internal.reflect.NativeMethodAccessorImpl.invoke0(Native Method)
	at java.base/jdk.internal.reflect.NativeMethodAccessorImpl.invoke(NativeMethodAccessorImpl.java:62)
	at java.base/jdk.internal.reflect.DelegatingMethodAccessorImpl.invoke(DelegatingMethodAccessorImpl.java:43)
	at java.base/java.lang.reflect.Method.invoke(Method.java:566)
	at org.testng.internal.MethodInvocationHelper.invokeMethod(MethodInvocationHelper.java:104)
	at org.testng.internal.Invoker.invokeMethod(Invoker.java:645)
	at org.testng.internal.Invoker.invokeTestMethod(Invoker.java:851)
	at org.testng.internal.Invoker.invokeTestMethods(Invoker.java:1177)
	at org.testng.internal.TestMethodWorker.invokeTestMethods(TestMethodWorker.java:129)
	at org.testng.internal.TestMethodWorker.run(TestMethodWorker.java:112)
	at org.testng.TestRunner.privateRun(TestRunner.java:756)
	at org.testng.TestRunner.run(TestRunner.java:610)
	at org.testng.SuiteRunner.runTest(SuiteRunner.java:387)
	at org.testng.SuiteRunner.runSequentially(SuiteRunner.java:382)
	at org.testng.SuiteRunner.privateRun(SuiteRunner.java:340)
	at org.testng.SuiteRunner.run(SuiteRunner.java:289)
	at org.testng.SuiteRunnerWorker.runSuite(SuiteRunnerWorker.java:52)
	at org.testng.SuiteRunnerWorker.run(SuiteRunnerWorker.java:86)
	at org.testng.TestNG.runSuitesSequentially(TestNG.java:1293)
	at org.testng.TestNG.runSuitesLocally(TestNG.java:1218)
	at org.testng.TestNG.runSuites(TestNG.java:1133)
	at org.testng.TestNG.run(TestNG.java:1104)
	at org.testng.remote.AbstractRemoteTestNG.run(AbstractRemoteTestNG.java:115)
	at org.testng.remote.RemoteTestNG.initAndRun(RemoteTestNG.java:251)
	at org.testng.remote.RemoteTestNG.main(RemoteTestNG.java:77)
]]>
            </full-stacktrace>
          </exception> <!-- java.lang.IndexOutOfBoundsException -->
          <reporter-output>
          </reporter-output>
        </test-method> <!-- FacebookHomePageObjectsVerfication -->
        <test-method is-config="true" signature="afterMethod(org.testng.ITestResult)[pri:0, instance:com.uiAutomatiom.testScript.FBInstagramPageObjectsVerfication@3232a28a]" started-at="2019-07-26T14:05:38Z" name="afterMethod" finished-at="2019-07-26T14:05:40Z" duration-ms="1373" status="PASS">
          <params>
            <param index="0">
              <value>
                <![CDATA[[TestResult name=FacebookHomePageObjectsVerfication status=FAILURE method=FBInstagramPageObjectsVerfication.FacebookHomePageObjectsVerfication()[pri:0, instance:com.uiAutomatiom.testScript.FBInstagramPageObjectsVerfication@3232a28a] output={null}]]]>
              </value>
            </param>
          </params>
          <reporter-output>
            <line>
              <![CDATA[<a href =' /Users/srujan/eclipse-workspace/uiAutomatiom/src/main/resources/screenShots/ FacebookHomePageObjectsVerfication_26_07_2019_02_05_38.png '>< img src= ' /Users/srujan/eclipse-workspace/uiAutomatiom/src/main/resources/screenShots/ FacebookHomePageObjectsVerfication_26_07_2019_02_05_38.png 'height='100' width='100' /></a>]]>
            </line>
          </reporter-output>
        </test-method> <!-- afterMethod -->
        <test-method is-config="true" signature="afterClass()[pri:0, instance:com.uiAutomatiom.testScript.FBInstagramPageObjectsVerfication@3232a28a]" started-at="2019-07-26T14:05:40Z" name="afterClass" finished-at="2019-07-26T14:05:42Z" duration-ms="2297" status="PASS">
          <reporter-output>
          </reporter-output>
        </test-method> <!-- afterClass -->
        <test-method is-config="true" signature="afterTest()[pri:0, instance:com.uiAutomatiom.testScript.FBInstagramPageObjectsVerfication@3232a28a]" started-at="2019-07-26T14:05:57Z" name="afterTest" finished-at="2019-07-26T14:05:57Z" duration-ms="0" status="SKIP">
          <reporter-output>
          </reporter-output>
        </test-method> <!-- afterTest -->
      </class> <!-- com.uiAutomatiom.testScript.FBInstagramPageObjectsVerfication -->
      <class name="com.uiAutomatiom.testScript.FBSignUpPageObjectsVerification">
        <test-method is-config="true" signature="beforeClass()[pri:0, instance:com.uiAutomatiom.testScript.FBSignUpPageObjectsVerification@73e22a3d]" started-at="2019-07-26T14:05:42Z" name="beforeClass" finished-at="2019-07-26T14:05:45Z" duration-ms="2800" status="PASS">
          <reporter-output>
          </reporter-output>
        </test-method> <!-- beforeClass -->
        <test-method is-config="true" signature="beforeMethod(java.lang.reflect.Method)[pri:0, instance:com.uiAutomatiom.testScript.FBSignUpPageObjectsVerification@73e22a3d]" started-at="2019-07-26T14:05:45Z" name="beforeMethod" finished-at="2019-07-26T14:05:45Z" duration-ms="1" status="PASS">
          <params>
            <param index="0">
              <value>
                <![CDATA[public void com.uiAutomatiom.testScript.FBSignUpPageObjectsVerification.LoginTest() throws java.lang.Exception]]>
              </value>
            </param>
          </params>
          <reporter-output>
          </reporter-output>
        </test-method> <!-- beforeMethod -->
        <test-method is-config="true" signature="beforeMethod()[pri:0, instance:com.uiAutomatiom.testScript.FBSignUpPageObjectsVerification@73e22a3d]" started-at="2019-07-26T14:05:45Z" name="beforeMethod" finished-at="2019-07-26T14:05:45Z" duration-ms="0" status="PASS">
          <reporter-output>
          </reporter-output>
        </test-method> <!-- beforeMethod -->
        <test-method signature="LoginTest()[pri:0, instance:com.uiAutomatiom.testScript.FBSignUpPageObjectsVerification@73e22a3d]" started-at="2019-07-26T14:05:45Z" name="LoginTest" description="FBSignUpPageObjectsVerification" finished-at="2019-07-26T14:05:50Z" duration-ms="5609" status="PASS">
          <reporter-output>
          </reporter-output>
        </test-method> <!-- LoginTest -->
        <test-method is-config="true" signature="afterMethod(org.testng.ITestResult)[pri:0, instance:com.uiAutomatiom.testScript.FBSignUpPageObjectsVerification@73e22a3d]" started-at="2019-07-26T14:05:50Z" name="afterMethod" finished-at="2019-07-26T14:05:50Z" duration-ms="33" status="PASS">
          <params>
            <param index="0">
              <value>
                <![CDATA[[TestResult name=LoginTest status=SUCCESS method=FBSignUpPageObjectsVerification.LoginTest()[pri:0, instance:com.uiAutomatiom.testScript.FBSignUpPageObjectsVerification@73e22a3d] output={null}]]]>
              </value>
            </param>
          </params>
          <reporter-output>
          </reporter-output>
        </test-method> <!-- afterMethod -->
        <test-method is-config="true" signature="afterClass()[pri:0, instance:com.uiAutomatiom.testScript.FBSignUpPageObjectsVerification@73e22a3d]" started-at="2019-07-26T14:05:50Z" name="afterClass" finished-at="2019-07-26T14:05:50Z" duration-ms="0" status="FAIL">
          <exception class="org.openqa.selenium.NoSuchSessionException">
            <message>
              <![CDATA[Tried to run command without establishing a connection
Build info: version: '3.11.0', revision: 'e59cfb3', time: '2018-03-11T20:26:55.152Z'
System info: host: 'Srujans-MacBook-Pro.local', ip: '2a02:c7f:de3a:4600:994a:1b42:edd2:c80d%en0', os.name: 'Mac OS X', os.arch: 'x86_64', os.version: '10.14.5', java.version: '11'
Driver info: org.openqa.selenium.firefox.FirefoxDriver
Capabilities {acceptInsecureCerts: true, browserName: firefox, browserVersion: 57.0.4, javascriptEnabled: true, moz:accessibilityChecks: false, moz:geckodriverVersion: 0.24.0, moz:headless: false, moz:processID: 13141, moz:profile: /var/folders/cz/h1q87pfn3t1..., moz:webdriverClick: false, pageLoadStrategy: normal, platform: MAC, platformName: MAC, platformVersion: 18.6.0, rotatable: false, timeouts: {implicit: 0, pageLoad: 300000, script: 30000}}
Session ID: c2c25eb3-8680-8042-98d5-489ae89d1a7e]]>
            </message>
            <full-stacktrace>
              <![CDATA[org.openqa.selenium.NoSuchSessionException: Tried to run command without establishing a connection
Build info: version: '3.11.0', revision: 'e59cfb3', time: '2018-03-11T20:26:55.152Z'
System info: host: 'Srujans-MacBook-Pro.local', ip: '2a02:c7f:de3a:4600:994a:1b42:edd2:c80d%en0', os.name: 'Mac OS X', os.arch: 'x86_64', os.version: '10.14.5', java.version: '11'
Driver info: org.openqa.selenium.firefox.FirefoxDriver
Capabilities {acceptInsecureCerts: true, browserName: firefox, browserVersion: 57.0.4, javascriptEnabled: true, moz:accessibilityChecks: false, moz:geckodriverVersion: 0.24.0, moz:headless: false, moz:processID: 13141, moz:profile: /var/folders/cz/h1q87pfn3t1..., moz:webdriverClick: false, pageLoadStrategy: normal, platform: MAC, platformName: MAC, platformVersion: 18.6.0, rotatable: false, timeouts: {implicit: 0, pageLoad: 300000, script: 30000}}
Session ID: c2c25eb3-8680-8042-98d5-489ae89d1a7e
	at java.base/jdk.internal.reflect.NativeConstructorAccessorImpl.newInstance0(Native Method)
	at java.base/jdk.internal.reflect.NativeConstructorAccessorImpl.newInstance(NativeConstructorAccessorImpl.java:62)
	at java.base/jdk.internal.reflect.DelegatingConstructorAccessorImpl.newInstance(DelegatingConstructorAccessorImpl.java:45)
	at java.base/java.lang.reflect.Constructor.newInstance(Constructor.java:490)
	at org.openqa.selenium.remote.http.W3CHttpResponseCodec.createException(W3CHttpResponseCodec.java:187)
	at org.openqa.selenium.remote.http.W3CHttpResponseCodec.decode(W3CHttpResponseCodec.java:122)
	at org.openqa.selenium.remote.http.W3CHttpResponseCodec.decode(W3CHttpResponseCodec.java:49)
	at org.openqa.selenium.remote.HttpCommandExecutor.execute(HttpCommandExecutor.java:158)
	at org.openqa.selenium.remote.service.DriverCommandExecutor.execute(DriverCommandExecutor.java:83)
	at org.openqa.selenium.remote.RemoteWebDriver.execute(RemoteWebDriver.java:545)
	at org.openqa.selenium.remote.RemoteWebDriver.execute(RemoteWebDriver.java:602)
	at org.openqa.selenium.remote.RemoteWebDriver.quit(RemoteWebDriver.java:445)
	at com.uiAutomatiom.TestBase.TestBase.afterClass(TestBase.java:107)
	at java.base/jdk.internal.reflect.NativeMethodAccessorImpl.invoke0(Native Method)
	at java.base/jdk.internal.reflect.NativeMethodAccessorImpl.invoke(NativeMethodAccessorImpl.java:62)
	at java.base/jdk.internal.reflect.DelegatingMethodAccessorImpl.invoke(DelegatingMethodAccessorImpl.java:43)
	at java.base/java.lang.reflect.Method.invoke(Method.java:566)
	at org.testng.internal.MethodInvocationHelper.invokeMethod(MethodInvocationHelper.java:104)
	at org.testng.internal.Invoker.invokeConfigurationMethod(Invoker.java:515)
	at org.testng.internal.Invoker.invokeConfigurations(Invoker.java:217)
	at org.testng.internal.Invoker.invokeConfigurations(Invoker.java:144)
	at org.testng.internal.TestMethodWorker.invokeAfterClassMethods(TestMethodWorker.java:217)
	at org.testng.internal.TestMethodWorker.run(TestMethodWorker.java:115)
	at org.testng.TestRunner.privateRun(TestRunner.java:756)
	at org.testng.TestRunner.run(TestRunner.java:610)
	at org.testng.SuiteRunner.runTest(SuiteRunner.java:387)
	at org.testng.SuiteRunner.runSequentially(SuiteRunner.java:382)
	at org.testng.SuiteRunner.privateRun(SuiteRunner.java:340)
	at org.testng.SuiteRunner.run(SuiteRunner.java:289)
	at org.testng.SuiteRunnerWorker.runSuite(SuiteRunnerWorker.java:52)
	at org.testng.SuiteRunnerWorker.run(SuiteRunnerWorker.java:86)
	at org.testng.TestNG.runSuitesSequentially(TestNG.java:1293)
	at org.testng.TestNG.runSuitesLocally(TestNG.java:1218)
	at org.testng.TestNG.runSuites(TestNG.java:1133)
	at org.testng.TestNG.run(TestNG.java:1104)
	at org.testng.remote.AbstractRemoteTestNG.run(AbstractRemoteTestNG.java:115)
	at org.testng.remote.RemoteTestNG.initAndRun(RemoteTestNG.java:251)
	at org.testng.remote.RemoteTestNG.main(RemoteTestNG.java:77)
]]>
            </full-stacktrace>
          </exception> <!-- org.openqa.selenium.NoSuchSessionException -->
          <reporter-output>
          </reporter-output>
        </test-method> <!-- afterClass -->
      </class> <!-- com.uiAutomatiom.testScript.FBSignUpPageObjectsVerification -->
      <class name="com.uiAutomatiom.testScript.FBPeoplePageObjectsVerfication">
        <test-method is-config="true" signature="beforeClass()[pri:0, instance:com.uiAutomatiom.testScript.FBPeoplePageObjectsVerfication@28f2a10f]" started-at="2019-07-26T14:05:54Z" name="beforeClass" finished-at="2019-07-26T14:05:57Z" duration-ms="2869" status="PASS">
          <reporter-output>
          </reporter-output>
        </test-method> <!-- beforeClass -->
        <test-method is-config="true" signature="beforeMethod(java.lang.reflect.Method)[pri:0, instance:com.uiAutomatiom.testScript.FBPeoplePageObjectsVerfication@28f2a10f]" started-at="2019-07-26T14:05:57Z" name="beforeMethod" finished-at="2019-07-26T14:05:57Z" duration-ms="0" status="SKIP">
          <reporter-output>
          </reporter-output>
        </test-method> <!-- beforeMethod -->
        <test-method is-config="true" signature="beforeMethod()[pri:0, instance:com.uiAutomatiom.testScript.FBPeoplePageObjectsVerfication@28f2a10f]" started-at="2019-07-26T14:05:57Z" name="beforeMethod" finished-at="2019-07-26T14:05:57Z" duration-ms="0" status="SKIP">
          <reporter-output>
          </reporter-output>
        </test-method> <!-- beforeMethod -->
        <test-method signature="FacebookHomePageObjectsVerfication()[pri:0, instance:com.uiAutomatiom.testScript.FBPeoplePageObjectsVerfication@28f2a10f]" started-at="2019-07-26T14:05:57Z" name="FacebookHomePageObjectsVerfication" description="FacebookHomePageObjectsVerfication" finished-at="2019-07-26T14:05:57Z" duration-ms="1" status="SKIP">
          <exception class="org.openqa.selenium.NoSuchSessionException">
            <message>
              <![CDATA[Tried to run command without establishing a connection
Build info: version: '3.11.0', revision: 'e59cfb3', time: '2018-03-11T20:26:55.152Z'
System info: host: 'Srujans-MacBook-Pro.local', ip: '2a02:c7f:de3a:4600:994a:1b42:edd2:c80d%en0', os.name: 'Mac OS X', os.arch: 'x86_64', os.version: '10.14.5', java.version: '11'
Driver info: org.openqa.selenium.firefox.FirefoxDriver
Capabilities {acceptInsecureCerts: true, browserName: firefox, browserVersion: 57.0.4, javascriptEnabled: true, moz:accessibilityChecks: false, moz:geckodriverVersion: 0.24.0, moz:headless: false, moz:processID: 13141, moz:profile: /var/folders/cz/h1q87pfn3t1..., moz:webdriverClick: false, pageLoadStrategy: normal, platform: MAC, platformName: MAC, platformVersion: 18.6.0, rotatable: false, timeouts: {implicit: 0, pageLoad: 300000, script: 30000}}
Session ID: c2c25eb3-8680-8042-98d5-489ae89d1a7e]]>
            </message>
            <full-stacktrace>
              <![CDATA[org.openqa.selenium.NoSuchSessionException: Tried to run command without establishing a connection
Build info: version: '3.11.0', revision: 'e59cfb3', time: '2018-03-11T20:26:55.152Z'
System info: host: 'Srujans-MacBook-Pro.local', ip: '2a02:c7f:de3a:4600:994a:1b42:edd2:c80d%en0', os.name: 'Mac OS X', os.arch: 'x86_64', os.version: '10.14.5', java.version: '11'
Driver info: org.openqa.selenium.firefox.FirefoxDriver
Capabilities {acceptInsecureCerts: true, browserName: firefox, browserVersion: 57.0.4, javascriptEnabled: true, moz:accessibilityChecks: false, moz:geckodriverVersion: 0.24.0, moz:headless: false, moz:processID: 13141, moz:profile: /var/folders/cz/h1q87pfn3t1..., moz:webdriverClick: false, pageLoadStrategy: normal, platform: MAC, platformName: MAC, platformVersion: 18.6.0, rotatable: false, timeouts: {implicit: 0, pageLoad: 300000, script: 30000}}
Session ID: c2c25eb3-8680-8042-98d5-489ae89d1a7e
	at java.base/jdk.internal.reflect.NativeConstructorAccessorImpl.newInstance0(Native Method)
	at java.base/jdk.internal.reflect.NativeConstructorAccessorImpl.newInstance(NativeConstructorAccessorImpl.java:62)
	at java.base/jdk.internal.reflect.DelegatingConstructorAccessorImpl.newInstance(DelegatingConstructorAccessorImpl.java:45)
	at java.base/java.lang.reflect.Constructor.newInstance(Constructor.java:490)
	at org.openqa.selenium.remote.http.W3CHttpResponseCodec.createException(W3CHttpResponseCodec.java:187)
	at org.openqa.selenium.remote.http.W3CHttpResponseCodec.decode(W3CHttpResponseCodec.java:122)
	at org.openqa.selenium.remote.http.W3CHttpResponseCodec.decode(W3CHttpResponseCodec.java:49)
	at org.openqa.selenium.remote.HttpCommandExecutor.execute(HttpCommandExecutor.java:158)
	at org.openqa.selenium.remote.service.DriverCommandExecutor.execute(DriverCommandExecutor.java:83)
	at org.openqa.selenium.remote.RemoteWebDriver.execute(RemoteWebDriver.java:545)
	at org.openqa.selenium.remote.RemoteWebDriver.execute(RemoteWebDriver.java:602)
	at org.openqa.selenium.remote.RemoteWebDriver.quit(RemoteWebDriver.java:445)
	at com.uiAutomatiom.TestBase.TestBase.afterClass(TestBase.java:107)
	at java.base/jdk.internal.reflect.NativeMethodAccessorImpl.invoke0(Native Method)
	at java.base/jdk.internal.reflect.NativeMethodAccessorImpl.invoke(NativeMethodAccessorImpl.java:62)
	at java.base/jdk.internal.reflect.DelegatingMethodAccessorImpl.invoke(DelegatingMethodAccessorImpl.java:43)
	at java.base/java.lang.reflect.Method.invoke(Method.java:566)
	at org.testng.internal.MethodInvocationHelper.invokeMethod(MethodInvocationHelper.java:104)
	at org.testng.internal.Invoker.invokeConfigurationMethod(Invoker.java:515)
	at org.testng.internal.Invoker.invokeConfigurations(Invoker.java:217)
	at org.testng.internal.Invoker.invokeConfigurations(Invoker.java:144)
	at org.testng.internal.TestMethodWorker.invokeAfterClassMethods(TestMethodWorker.java:217)
	at org.testng.internal.TestMethodWorker.run(TestMethodWorker.java:115)
	at org.testng.TestRunner.privateRun(TestRunner.java:756)
	at org.testng.TestRunner.run(TestRunner.java:610)
	at org.testng.SuiteRunner.runTest(SuiteRunner.java:387)
	at org.testng.SuiteRunner.runSequentially(SuiteRunner.java:382)
	at org.testng.SuiteRunner.privateRun(SuiteRunner.java:340)
	at org.testng.SuiteRunner.run(SuiteRunner.java:289)
	at org.testng.SuiteRunnerWorker.runSuite(SuiteRunnerWorker.java:52)
	at org.testng.SuiteRunnerWorker.run(SuiteRunnerWorker.java:86)
	at org.testng.TestNG.runSuitesSequentially(TestNG.java:1293)
	at org.testng.TestNG.runSuitesLocally(TestNG.java:1218)
	at org.testng.TestNG.runSuites(TestNG.java:1133)
	at org.testng.TestNG.run(TestNG.java:1104)
	at org.testng.remote.AbstractRemoteTestNG.run(AbstractRemoteTestNG.java:115)
	at org.testng.remote.RemoteTestNG.initAndRun(RemoteTestNG.java:251)
	at org.testng.remote.RemoteTestNG.main(RemoteTestNG.java:77)
]]>
            </full-stacktrace>
          </exception> <!-- org.openqa.selenium.NoSuchSessionException -->
          <reporter-output>
          </reporter-output>
        </test-method> <!-- FacebookHomePageObjectsVerfication -->
        <test-method is-config="true" signature="afterMethod(org.testng.ITestResult)[pri:0, instance:com.uiAutomatiom.testScript.FBPeoplePageObjectsVerfication@28f2a10f]" started-at="2019-07-26T14:05:57Z" name="afterMethod" finished-at="2019-07-26T14:05:57Z" duration-ms="0" status="SKIP">
          <reporter-output>
          </reporter-output>
        </test-method> <!-- afterMethod -->
        <test-method is-config="true" signature="afterClass()[pri:0, instance:com.uiAutomatiom.testScript.FBPeoplePageObjectsVerfication@28f2a10f]" started-at="2019-07-26T14:05:57Z" name="afterClass" finished-at="2019-07-26T14:05:57Z" duration-ms="0" status="SKIP">
          <reporter-output>
          </reporter-output>
        </test-method> <!-- afterClass -->
      </class> <!-- com.uiAutomatiom.testScript.FBPeoplePageObjectsVerfication -->
      <class name="com.uiAutomatiom.testScript.FBHomePageObjectsVerfication">
        <test-method is-config="true" signature="beforeClass()[pri:0, instance:com.uiAutomatiom.testScript.FBHomePageObjectsVerfication@47faa49c]" started-at="2019-07-26T14:05:51Z" name="beforeClass" finished-at="2019-07-26T14:05:54Z" duration-ms="2826" status="PASS">
          <reporter-output>
          </reporter-output>
        </test-method> <!-- beforeClass -->
        <test-method is-config="true" signature="beforeMethod(java.lang.reflect.Method)[pri:0, instance:com.uiAutomatiom.testScript.FBHomePageObjectsVerfication@47faa49c]" started-at="2019-07-26T14:05:54Z" name="beforeMethod" finished-at="2019-07-26T14:05:54Z" duration-ms="0" status="SKIP">
          <reporter-output>
          </reporter-output>
        </test-method> <!-- beforeMethod -->
        <test-method signature="FacebookHomePageObjectsVerfication()[pri:0, instance:com.uiAutomatiom.testScript.FBHomePageObjectsVerfication@47faa49c]" started-at="2019-07-26T14:05:54Z" name="FacebookHomePageObjectsVerfication" description="Facebook HomePage Objects Verfication" finished-at="2019-07-26T14:05:54Z" duration-ms="2" status="SKIP">
          <exception class="org.openqa.selenium.NoSuchSessionException">
            <message>
              <![CDATA[Tried to run command without establishing a connection
Build info: version: '3.11.0', revision: 'e59cfb3', time: '2018-03-11T20:26:55.152Z'
System info: host: 'Srujans-MacBook-Pro.local', ip: '2a02:c7f:de3a:4600:994a:1b42:edd2:c80d%en0', os.name: 'Mac OS X', os.arch: 'x86_64', os.version: '10.14.5', java.version: '11'
Driver info: org.openqa.selenium.firefox.FirefoxDriver
Capabilities {acceptInsecureCerts: true, browserName: firefox, browserVersion: 57.0.4, javascriptEnabled: true, moz:accessibilityChecks: false, moz:geckodriverVersion: 0.24.0, moz:headless: false, moz:processID: 13141, moz:profile: /var/folders/cz/h1q87pfn3t1..., moz:webdriverClick: false, pageLoadStrategy: normal, platform: MAC, platformName: MAC, platformVersion: 18.6.0, rotatable: false, timeouts: {implicit: 0, pageLoad: 300000, script: 30000}}
Session ID: c2c25eb3-8680-8042-98d5-489ae89d1a7e]]>
            </message>
            <full-stacktrace>
              <![CDATA[org.openqa.selenium.NoSuchSessionException: Tried to run command without establishing a connection
Build info: version: '3.11.0', revision: 'e59cfb3', time: '2018-03-11T20:26:55.152Z'
System info: host: 'Srujans-MacBook-Pro.local', ip: '2a02:c7f:de3a:4600:994a:1b42:edd2:c80d%en0', os.name: 'Mac OS X', os.arch: 'x86_64', os.version: '10.14.5', java.version: '11'
Driver info: org.openqa.selenium.firefox.FirefoxDriver
Capabilities {acceptInsecureCerts: true, browserName: firefox, browserVersion: 57.0.4, javascriptEnabled: true, moz:accessibilityChecks: false, moz:geckodriverVersion: 0.24.0, moz:headless: false, moz:processID: 13141, moz:profile: /var/folders/cz/h1q87pfn3t1..., moz:webdriverClick: false, pageLoadStrategy: normal, platform: MAC, platformName: MAC, platformVersion: 18.6.0, rotatable: false, timeouts: {implicit: 0, pageLoad: 300000, script: 30000}}
Session ID: c2c25eb3-8680-8042-98d5-489ae89d1a7e
	at java.base/jdk.internal.reflect.NativeConstructorAccessorImpl.newInstance0(Native Method)
	at java.base/jdk.internal.reflect.NativeConstructorAccessorImpl.newInstance(NativeConstructorAccessorImpl.java:62)
	at java.base/jdk.internal.reflect.DelegatingConstructorAccessorImpl.newInstance(DelegatingConstructorAccessorImpl.java:45)
	at java.base/java.lang.reflect.Constructor.newInstance(Constructor.java:490)
	at org.openqa.selenium.remote.http.W3CHttpResponseCodec.createException(W3CHttpResponseCodec.java:187)
	at org.openqa.selenium.remote.http.W3CHttpResponseCodec.decode(W3CHttpResponseCodec.java:122)
	at org.openqa.selenium.remote.http.W3CHttpResponseCodec.decode(W3CHttpResponseCodec.java:49)
	at org.openqa.selenium.remote.HttpCommandExecutor.execute(HttpCommandExecutor.java:158)
	at org.openqa.selenium.remote.service.DriverCommandExecutor.execute(DriverCommandExecutor.java:83)
	at org.openqa.selenium.remote.RemoteWebDriver.execute(RemoteWebDriver.java:545)
	at org.openqa.selenium.remote.RemoteWebDriver.execute(RemoteWebDriver.java:602)
	at org.openqa.selenium.remote.RemoteWebDriver.quit(RemoteWebDriver.java:445)
	at com.uiAutomatiom.TestBase.TestBase.afterClass(TestBase.java:107)
	at java.base/jdk.internal.reflect.NativeMethodAccessorImpl.invoke0(Native Method)
	at java.base/jdk.internal.reflect.NativeMethodAccessorImpl.invoke(NativeMethodAccessorImpl.java:62)
	at java.base/jdk.internal.reflect.DelegatingMethodAccessorImpl.invoke(DelegatingMethodAccessorImpl.java:43)
	at java.base/java.lang.reflect.Method.invoke(Method.java:566)
	at org.testng.internal.MethodInvocationHelper.invokeMethod(MethodInvocationHelper.java:104)
	at org.testng.internal.Invoker.invokeConfigurationMethod(Invoker.java:515)
	at org.testng.internal.Invoker.invokeConfigurations(Invoker.java:217)
	at org.testng.internal.Invoker.invokeConfigurations(Invoker.java:144)
	at org.testng.internal.TestMethodWorker.invokeAfterClassMethods(TestMethodWorker.java:217)
	at org.testng.internal.TestMethodWorker.run(TestMethodWorker.java:115)
	at org.testng.TestRunner.privateRun(TestRunner.java:756)
	at org.testng.TestRunner.run(TestRunner.java:610)
	at org.testng.SuiteRunner.runTest(SuiteRunner.java:387)
	at org.testng.SuiteRunner.runSequentially(SuiteRunner.java:382)
	at org.testng.SuiteRunner.privateRun(SuiteRunner.java:340)
	at org.testng.SuiteRunner.run(SuiteRunner.java:289)
	at org.testng.SuiteRunnerWorker.runSuite(SuiteRunnerWorker.java:52)
	at org.testng.SuiteRunnerWorker.run(SuiteRunnerWorker.java:86)
	at org.testng.TestNG.runSuitesSequentially(TestNG.java:1293)
	at org.testng.TestNG.runSuitesLocally(TestNG.java:1218)
	at org.testng.TestNG.runSuites(TestNG.java:1133)
	at org.testng.TestNG.run(TestNG.java:1104)
	at org.testng.remote.AbstractRemoteTestNG.run(AbstractRemoteTestNG.java:115)
	at org.testng.remote.RemoteTestNG.initAndRun(RemoteTestNG.java:251)
	at org.testng.remote.RemoteTestNG.main(RemoteTestNG.java:77)
]]>
            </full-stacktrace>
          </exception> <!-- org.openqa.selenium.NoSuchSessionException -->
          <reporter-output>
          </reporter-output>
        </test-method> <!-- FacebookHomePageObjectsVerfication -->
        <test-method is-config="true" signature="beforeMethod()[pri:0, instance:com.uiAutomatiom.testScript.FBHomePageObjectsVerfication@47faa49c]" started-at="2019-07-26T14:05:54Z" name="beforeMethod" finished-at="2019-07-26T14:05:54Z" duration-ms="0" status="SKIP">
          <reporter-output>
          </reporter-output>
        </test-method> <!-- beforeMethod -->
        <test-method is-config="true" signature="afterMethod(org.testng.ITestResult)[pri:0, instance:com.uiAutomatiom.testScript.FBHomePageObjectsVerfication@47faa49c]" started-at="2019-07-26T14:05:54Z" name="afterMethod" finished-at="2019-07-26T14:05:54Z" duration-ms="0" status="SKIP">
          <reporter-output>
          </reporter-output>
        </test-method> <!-- afterMethod -->
        <test-method is-config="true" signature="afterClass()[pri:0, instance:com.uiAutomatiom.testScript.FBHomePageObjectsVerfication@47faa49c]" started-at="2019-07-26T14:05:54Z" name="afterClass" finished-at="2019-07-26T14:05:54Z" duration-ms="0" status="SKIP">
          <reporter-output>
          </reporter-output>
        </test-method> <!-- afterClass -->
      </class> <!-- com.uiAutomatiom.testScript.FBHomePageObjectsVerfication -->
    </test> <!-- Default test -->
  </suite> <!-- Default suite -->
</testng-results>
